[0.021s] Invoking command in '/home/ariel/ur5e_ws/build/moveit_control_pkg': CMAKE_PREFIX_PATH=${CMAKE_PREFIX_PATH}:/home/ariel/ws_moveit2/install/moveit_configs_utils:/home/ariel/ws_moveit2/install/launch_param_builder:/home/ariel/ur5e_ws/install/controller_pkg_demo:/opt/ros/humble /usr/bin/cmake --build /home/ariel/ur5e_ws/build/moveit_control_pkg -- -j22 -l22
[0.077s] [35m[1mConsolidate compiler generated dependencies of target cartesian_control[0m
[0.087s] [ 50%] Built target moveit_cpp_ur_node
[0.092s] [ 75%] [32mBuilding CXX object CMakeFiles/cartesian_control.dir/src/cartesian_control.cpp.o[0m
[4.241s] [01m[K/home/ariel/ur5e_ws/src/moveit_control_pkg/src/cartesian_control.cpp:[m[K In function â€˜[01m[Kint main(int, char**)[m[Kâ€™:
[4.242s] [01m[K/home/ariel/ur5e_ws/src/moveit_control_pkg/src/cartesian_control.cpp:54:8:[m[K [01;35m[Kwarning: [m[Kvariable â€˜[01m[Kdraw_trajectory_tool_path[m[Kâ€™ set but not used [[01;35m[K]8;;https://gcc.gnu.org/onlinedocs/gcc/Warning-Options.html#index-Wunused-but-set-variable-Wunused-but-set-variable]8;;[m[K]
[4.242s]    54 |   auto [01;35m[Kdraw_trajectory_tool_path[m[K = [&](const moveit_msgs::msg::RobotTrajectory &traj) {
[4.242s]       |        [01;35m[K^~~~~~~~~~~~~~~~~~~~~~~~~[m[K
[6.247s] [100%] [32m[1mLinking CXX executable cartesian_control[0m
[6.457s] /usr/bin/ld: warning: libsrdfdom.so.2.0.7, needed by /opt/ros/humble/lib/libmoveit_robot_model.so.2.5.9, may conflict with libsrdfdom.so.2.0.8
[6.532s] /usr/bin/ld: CMakeFiles/cartesian_control.dir/src/cartesian_control.cpp.o: in function `main':
[6.532s] cartesian_control.cpp:(.text+0x1417): undefined reference to `void tf2::fromMsg<geometry_msgs::msg::Pose_<std::allocator<void> >, Eigen::Transform<double, 3, 1, 0> >(geometry_msgs::msg::Pose_<std::allocator<void> > const&, Eigen::Transform<double, 3, 1, 0>&)'
[6.544s] collect2: error: ld returned 1 exit status
[6.545s] gmake[2]: *** [CMakeFiles/cartesian_control.dir/build.make:421: cartesian_control] Error 1
[6.546s] gmake[1]: *** [CMakeFiles/Makefile2:165: CMakeFiles/cartesian_control.dir/all] Error 2
[6.546s] gmake: *** [Makefile:146: all] Error 2
[6.548s] Invoked command in '/home/ariel/ur5e_ws/build/moveit_control_pkg' returned '2': CMAKE_PREFIX_PATH=${CMAKE_PREFIX_PATH}:/home/ariel/ws_moveit2/install/moveit_configs_utils:/home/ariel/ws_moveit2/install/launch_param_builder:/home/ariel/ur5e_ws/install/controller_pkg_demo:/opt/ros/humble /usr/bin/cmake --build /home/ariel/ur5e_ws/build/moveit_control_pkg -- -j22 -l22
