[0.013s] Invoking command in '/home/ariel/ur5e_ws/build/moveit_control_pkg': CMAKE_PREFIX_PATH=${CMAKE_PREFIX_PATH}:/home/ariel/ws_moveit2/install/moveit_configs_utils:/home/ariel/ws_moveit2/install/launch_param_builder:/home/ariel/ur5e_ws/install/controller_pkg_demo:/opt/ros/humble /usr/bin/cmake --build /home/ariel/ur5e_ws/build/moveit_control_pkg -- -j22 -l22
[0.058s] [35m[1mConsolidate compiler generated dependencies of target moveit_cpp_ur5e_node[0m
[0.077s] [ 50%] [32mBuilding CXX object CMakeFiles/moveit_cpp_ur5e_node.dir/src/moveit_cpp_ur5e_node.cpp.o[0m
[4.129s] In file included from [01m[K/usr/include/eigen3/Eigen/Core:164[m[K,
[4.129s]                  from [01m[K/usr/include/eigen3/Eigen/Geometry:11[m[K,
[4.130s]                  from [01m[K/opt/ros/humble/include/moveit/robot_model/joint_model.h:46[m[K,
[4.130s]                  from [01m[K/opt/ros/humble/include/moveit/robot_model/joint_model_group.h:40[m[K,
[4.130s]                  from [01m[K/opt/ros/humble/include/moveit/robot_model/robot_model.h:45[m[K,
[4.130s]                  from [01m[K/opt/ros/humble/include/moveit/robot_state/robot_state.h:40[m[K,
[4.130s]                  from [01m[K/opt/ros/humble/include/moveit/planning_scene_interface/planning_scene_interface.h:40[m[K,
[4.130s]                  from [01m[K/home/ariel/ur5e_ws/src/moveit_control_pkg/src/moveit_cpp_ur5e_node.cpp:5[m[K:
[4.130s] /usr/include/eigen3/Eigen/src/Geometry/Transform.h: In instantiation of â€˜[01m[KEigen::Transform<Scalar, Dim, Mode, _Options>::Transform(const Eigen::Transform<_Scalar, Dim, OtherMode, OtherOptions>&) [with int OtherMode = 2; int OtherOptions = 0; _Scalar = double; int _Dim = 3; int _Mode = 1; int _Options = 0][m[Kâ€™:
[4.130s] [01m[K/home/ariel/ur5e_ws/src/moveit_control_pkg/src/moveit_cpp_ur5e_node.cpp:69:36:[m[K   required from here
[4.130s] [01m[K/usr/include/eigen3/Eigen/src/Geometry/Transform.h:325:25:[m[K [01;31m[Kerror: [m[Kstatic assertion failed: YOU_PERFORMED_AN_INVALID_TRANSFORMATION_CONVERSION
[4.130s]   325 | GEN_STATIC_ASSERT([01;31m[KEIGEN_IMPLIES[m[K(OtherMode==int(Affine)||OtherMode==int(AffineCompact), Mode!=int(Isometry)),
[4.130s]       |                   [01;31m[K^~~~~~~~~~~~~[m[K
[4.130s] 
[4.131s] [01m[K/usr/include/eigen3/Eigen/src/Geometry/Transform.h:325:25:[m[K [01;36m[Knote: [m[Kâ€˜[01m[K(((2 != ((int)Eigen::Affine)) && (2 != ((int)Eigen::AffineCompact))) || (((int)Eigen::Transform<double, 3, 1>::Mode) != ((int)Eigen::Isometry)))[m[Kâ€™ evaluates to false
[5.492s] gmake[2]: *** [CMakeFiles/moveit_cpp_ur5e_node.dir/build.make:76: CMakeFiles/moveit_cpp_ur5e_node.dir/src/moveit_cpp_ur5e_node.cpp.o] Error 1
[5.492s] gmake[1]: *** [CMakeFiles/Makefile2:137: CMakeFiles/moveit_cpp_ur5e_node.dir/all] Error 2
[5.493s] gmake: *** [Makefile:146: all] Error 2
[5.496s] Invoked command in '/home/ariel/ur5e_ws/build/moveit_control_pkg' returned '2': CMAKE_PREFIX_PATH=${CMAKE_PREFIX_PATH}:/home/ariel/ws_moveit2/install/moveit_configs_utils:/home/ariel/ws_moveit2/install/launch_param_builder:/home/ariel/ur5e_ws/install/controller_pkg_demo:/opt/ros/humble /usr/bin/cmake --build /home/ariel/ur5e_ws/build/moveit_control_pkg -- -j22 -l22
