[0.019s] Invoking command in '/home/ariel/ur5e_ws/build/moveit_control_pkg': CMAKE_PREFIX_PATH=${CMAKE_PREFIX_PATH}:/home/ariel/ws_moveit2/install/moveit_configs_utils:/home/ariel/ws_moveit2/install/launch_param_builder:/home/ariel/ur5e_ws/install/controller_pkg_demo:/opt/ros/humble /usr/bin/cmake --build /home/ariel/ur5e_ws/build/moveit_control_pkg -- -j22 -l22
[0.063s] [35m[1mConsolidate compiler generated dependencies of target cartesian_control[0m
[0.087s] [ 75%] Built target moveit_cpp_ur_node
[0.087s] [ 75%] [32mBuilding CXX object CMakeFiles/cartesian_control.dir/src/cartesian_control.cpp.o[0m
[2.654s] [01m[K/home/ariel/ur5e_ws/src/moveit_control_pkg/src/cartesian_control.cpp:[m[K In function â€˜[01m[Kint main(int, char**)[m[Kâ€™:
[2.654s] [01m[K/home/ariel/ur5e_ws/src/moveit_control_pkg/src/cartesian_control.cpp:209:33:[m[K [01;31m[Kerror: [m[Kredeclaration of â€˜[01m[Kmoveit_msgs::msg::Constraints path_constraints[m[Kâ€™
[2.654s]   209 |   moveit_msgs::msg::Constraints [01;31m[Kpath_constraints[m[K;
[2.654s]       |                                 [01;31m[K^~~~~~~~~~~~~~~~[m[K
[2.654s] [01m[K/home/ariel/ur5e_ws/src/moveit_control_pkg/src/cartesian_control.cpp:187:33:[m[K [01;36m[Knote: [m[Kâ€˜[01m[Kmoveit_msgs::msg::Constraints path_constraints[m[Kâ€™ previously declared here
[2.654s]   187 |   moveit_msgs::msg::Constraints [01;36m[Kpath_constraints[m[K;
[2.654s]       |                                 [01;36m[K^~~~~~~~~~~~~~~~[m[K
[4.178s] gmake[2]: *** [CMakeFiles/cartesian_control.dir/build.make:76: CMakeFiles/cartesian_control.dir/src/cartesian_control.cpp.o] Error 1
[4.178s] gmake[1]: *** [CMakeFiles/Makefile2:165: CMakeFiles/cartesian_control.dir/all] Error 2
[4.179s] gmake: *** [Makefile:146: all] Error 2
[4.181s] Invoked command in '/home/ariel/ur5e_ws/build/moveit_control_pkg' returned '2': CMAKE_PREFIX_PATH=${CMAKE_PREFIX_PATH}:/home/ariel/ws_moveit2/install/moveit_configs_utils:/home/ariel/ws_moveit2/install/launch_param_builder:/home/ariel/ur5e_ws/install/controller_pkg_demo:/opt/ros/humble /usr/bin/cmake --build /home/ariel/ur5e_ws/build/moveit_control_pkg -- -j22 -l22
