[35m[1mConsolidate compiler generated dependencies of target moveit_cpp_ur_node[0m
[ 50%] [32mBuilding CXX object CMakeFiles/moveit_cpp_ur_node.dir/src/moveit_cpp_ur_node.cpp.o[0m
[01m[K/home/ariel/ur5e_ws/src/moveit_control_pkg/src/moveit_cpp_ur_node.cpp:[m[K In function â€˜[01m[Kint main(int, char**)[m[Kâ€™:
[01m[K/home/ariel/ur5e_ws/src/moveit_control_pkg/src/moveit_cpp_ur_node.cpp:150:33:[m[K [01;31m[Kerror: [m[Kredeclaration of â€˜[01m[Kmoveit_msgs::msg::Constraints constraints[m[Kâ€™
  150 | raints [01;31m[Kconstraints[m[K;
      |        [01;31m[K^~~~~~~~~~~[m[K

[01m[K/home/ariel/ur5e_ws/src/moveit_control_pkg/src/moveit_cpp_ur_node.cpp:100:33:[m[K [01;36m[Knote: [m[Kâ€˜[01m[Kmoveit_msgs::msg::Constraints constraints[m[Kâ€™ previously declared here
  100 | raints [01;36m[Kconstraints[m[K;
      |        [01;36m[K^~~~~~~~~~~[m[K

gmake[2]: *** [CMakeFiles/moveit_cpp_ur_node.dir/build.make:76: CMakeFiles/moveit_cpp_ur_node.dir/src/moveit_cpp_ur_node.cpp.o] Error 1
gmake[1]: *** [CMakeFiles/Makefile2:137: CMakeFiles/moveit_cpp_ur_node.dir/all] Error 2
gmake: *** [Makefile:146: all] Error 2
