[0.010s] Invoking command in '/home/ariel/ur5e_ws/build/moveit_control_pkg': CMAKE_PREFIX_PATH=${CMAKE_PREFIX_PATH}:/home/ariel/ws_moveit2/install/moveit_configs_utils:/home/ariel/ws_moveit2/install/launch_param_builder:/home/ariel/ur5e_ws/install/controller_pkg_demo:/opt/ros/humble /usr/bin/cmake --build /home/ariel/ur5e_ws/build/moveit_control_pkg -- -j22 -l22
[0.055s] [35m[1mConsolidate compiler generated dependencies of target moveit_cpp_ur_node[0m
[0.075s] [ 50%] [32mBuilding CXX object CMakeFiles/moveit_cpp_ur_node.dir/src/moveit_cpp_ur_node.cpp.o[0m
[4.090s] [01m[K/home/ariel/ur5e_ws/src/moveit_control_pkg/src/moveit_cpp_ur_node.cpp:[m[K In function â€˜[01m[Kint main(int, char**)[m[Kâ€™:
[4.090s] [01m[K/home/ariel/ur5e_ws/src/moveit_control_pkg/src/moveit_cpp_ur_node.cpp:150:33:[m[K [01;31m[Kerror: [m[Kredeclaration of â€˜[01m[Kmoveit_msgs::msg::Constraints constraints[m[Kâ€™
[4.090s]   150 | raints [01;31m[Kconstraints[m[K;
[4.090s]       |        [01;31m[K^~~~~~~~~~~[m[K
[4.090s] 
[4.090s] [01m[K/home/ariel/ur5e_ws/src/moveit_control_pkg/src/moveit_cpp_ur_node.cpp:100:33:[m[K [01;36m[Knote: [m[Kâ€˜[01m[Kmoveit_msgs::msg::Constraints constraints[m[Kâ€™ previously declared here
[4.090s]   100 | raints [01;36m[Kconstraints[m[K;
[4.090s]       |        [01;36m[K^~~~~~~~~~~[m[K
[4.090s] 
[5.680s] gmake[2]: *** [CMakeFiles/moveit_cpp_ur_node.dir/build.make:76: CMakeFiles/moveit_cpp_ur_node.dir/src/moveit_cpp_ur_node.cpp.o] Error 1
[5.680s] gmake[1]: *** [CMakeFiles/Makefile2:137: CMakeFiles/moveit_cpp_ur_node.dir/all] Error 2
[5.680s] gmake: *** [Makefile:146: all] Error 2
[5.682s] Invoked command in '/home/ariel/ur5e_ws/build/moveit_control_pkg' returned '2': CMAKE_PREFIX_PATH=${CMAKE_PREFIX_PATH}:/home/ariel/ws_moveit2/install/moveit_configs_utils:/home/ariel/ws_moveit2/install/launch_param_builder:/home/ariel/ur5e_ws/install/controller_pkg_demo:/opt/ros/humble /usr/bin/cmake --build /home/ariel/ur5e_ws/build/moveit_control_pkg -- -j22 -l22
