[35m[1mConsolidate compiler generated dependencies of target cartesian_control[0m
[ 25%] [32mBuilding CXX object CMakeFiles/moveit_cpp_ur_node.dir/src/moveit_cpp_ur_node.cpp.o[0m
[ 75%] Built target cartesian_control
In file included from [01m[K/opt/ros/humble/include/rclcpp/rclcpp/client.hpp:40[m[K,
                 from [01m[K/opt/ros/humble/include/rclcpp/rclcpp/callback_group.hpp:24[m[K,
                 from [01m[K/opt/ros/humble/include/rclcpp/rclcpp/any_executable.hpp:20[m[K,
                 from [01m[K/opt/ros/humble/include/rclcpp/rclcpp/memory_strategy.hpp:25[m[K,
                 from [01m[K/opt/ros/humble/include/rclcpp/rclcpp/memory_strategies.hpp:18[m[K,
                 from [01m[K/opt/ros/humble/include/rclcpp/rclcpp/executor_options.hpp:20[m[K,
                 from [01m[K/opt/ros/humble/include/rclcpp/rclcpp/executor.hpp:37[m[K,
                 from [01m[K/opt/ros/humble/include/rclcpp/rclcpp/executors/multi_threaded_executor.hpp:25[m[K,
                 from [01m[K/opt/ros/humble/include/rclcpp/rclcpp/executors.hpp:21[m[K,
                 from [01m[K/opt/ros/humble/include/rclcpp/rclcpp/rclcpp.hpp:155[m[K,
                 from [01m[K/home/ariel/ur5e_ws/src/moveit_control_pkg/src/moveit_cpp_ur_node.cpp:4[m[K:
[01m[K/home/ariel/ur5e_ws/src/moveit_control_pkg/src/moveit_cpp_ur_node.cpp:[m[K In function â€˜[01m[Kint main(int, char**)[m[Kâ€™:
[01m[K/home/ariel/ur5e_ws/src/moveit_control_pkg/src/moveit_cpp_ur_node.cpp:145:15:[m[K [01;31m[Kerror: [m[Kâ€˜[01m[KLOGGER[m[Kâ€™ was not declared in this scope
  145 |   RCLCPP_INFO([01;31m[KLOGGER[m[K, "Publishing box constraint visualization...");
      |               [01;31m[K^~~~~~[m[K
[01m[K/home/ariel/ur5e_ws/src/moveit_control_pkg/src/moveit_cpp_ur_node.cpp:145:3:[m[K [01;31m[Kerror: [m[Ktemplate argument 1 is invalid
  145 |   [01;31m[KRCLCPP_INFO[m[K(LOGGER, "Publishing box constraint visualization...");
      |   [01;31m[K^~~~~~~~~~~[m[K
[01m[K/home/ariel/ur5e_ws/src/moveit_control_pkg/src/moveit_cpp_ur_node.cpp:145:3:[m[K [01;31m[Kerror: [m[Ktemplate argument 1 is invalid
  145 |   [01;31m[KRCLCPP_INFO[m[K(LOGGER, "Publishing box constraint visualization...");
      |   [01;31m[K^~~~~~~~~~~[m[K
[01m[K/home/ariel/ur5e_ws/src/moveit_control_pkg/src/moveit_cpp_ur_node.cpp:145:3:[m[K [01;31m[Kerror: [m[Ktemplate argument 1 is invalid
  145 |   [01;31m[KRCLCPP_INFO[m[K(LOGGER, "Publishing box constraint visualization...");
      |   [01;31m[K^~~~~~~~~~~[m[K
[01m[K/home/ariel/ur5e_ws/src/moveit_control_pkg/src/moveit_cpp_ur_node.cpp:152:3:[m[K [01;31m[Kerror: [m[Kâ€˜[01m[Kmove_group[m[Kâ€™ was not declared in this scope
  152 |   [01;31m[Kmove_group[m[K.setPathConstraints(path_constraints);
      |   [01;31m[K^~~~~~~~~~[m[K
gmake[2]: *** [CMakeFiles/moveit_cpp_ur_node.dir/build.make:76: CMakeFiles/moveit_cpp_ur_node.dir/src/moveit_cpp_ur_node.cpp.o] Error 1
gmake[1]: *** [CMakeFiles/Makefile2:139: CMakeFiles/moveit_cpp_ur_node.dir/all] Error 2
gmake: *** [Makefile:146: all] Error 2
