[0.022s] Invoking command in '/home/ariel/ur5e_ws/build/moveit_control_pkg': CMAKE_PREFIX_PATH=${CMAKE_PREFIX_PATH}:/home/ariel/ws_moveit2/install/moveit_configs_utils:/home/ariel/ws_moveit2/install/launch_param_builder:/home/ariel/ur5e_ws/install/controller_pkg_demo:/opt/ros/humble /usr/bin/cmake --build /home/ariel/ur5e_ws/build/moveit_control_pkg -- -j22 -l22
[0.089s] [35m[1mConsolidate compiler generated dependencies of target cartesian_control[0m
[0.091s] [ 50%] Built target moveit_cpp_ur_node
[0.097s] [ 75%] [32mBuilding CXX object CMakeFiles/cartesian_control.dir/src/cartesian_control.cpp.o[0m
[4.228s] [01m[K/home/ariel/ur5e_ws/src/moveit_control_pkg/src/cartesian_control.cpp:[m[K In lambda function:
[4.228s] [01m[K/home/ariel/ur5e_ws/src/moveit_control_pkg/src/cartesian_control.cpp:122:49:[m[K [01;31m[Kerror: [m[Kno matching function for call to â€˜[01m[Kmoveit_visual_tools::MoveItVisualTools::publishWireframeCuboid(Eigen::Vector3d&, Eigen::Vector3d&, rviz_visual_tools::Colors)[m[Kâ€™
[4.228s]   122 |       [01;31m[Kmoveit_visual_tools.publishWireframeCuboid(box_point_1, box_point_2, rviz_visual_tools::LIME_GREEN)[m[K;
[4.228s]       |       [01;31m[K~~~~~~~~~~~~~~~~~~~~~~~~~~~~~~~~~~~~~~~~~~^~~~~~~~~~~~~~~~~~~~~~~~~~~~~~~~~~~~~~~~~~~~~~~~~~~~~~~~~[m[K
[4.228s] In file included from [01m[K/home/ariel/ws_moveit2/install/moveit_visual_tools/include/moveit_visual_tools/moveit_visual_tools.h:38[m[K,
[4.228s]                  from [01m[K/home/ariel/ur5e_ws/src/moveit_control_pkg/src/cartesian_control.cpp:5[m[K:
[4.228s] [01m[K/opt/ros/humble/include/rviz_visual_tools/rviz_visual_tools.hpp:858:8:[m[K [01;36m[Knote: [m[Kcandidate: â€˜[01m[Kbool rviz_visual_tools::RvizVisualTools::publishWireframeCuboid(const Isometry3d&, double, double, double, rviz_visual_tools::Colors, const string&, std::size_t)[m[Kâ€™
[4.228s]   858 |   bool [01;36m[KpublishWireframeCuboid[m[K(const Eigen::Isometry3d& pose, double depth, double width,
[4.228s]       |        [01;36m[K^~~~~~~~~~~~~~~~~~~~~~[m[K
[4.228s] [01m[K/opt/ros/humble/include/rviz_visual_tools/rviz_visual_tools.hpp:858:8:[m[K [01;36m[Knote: [m[K  candidate expects 7 arguments, 3 provided
[4.228s] [01m[K/opt/ros/humble/include/rviz_visual_tools/rviz_visual_tools.hpp:873:8:[m[K [01;36m[Knote: [m[Kcandidate: â€˜[01m[Kbool rviz_visual_tools::RvizVisualTools::publishWireframeCuboid(const Isometry3d&, const Vector3d&, const Vector3d&, rviz_visual_tools::Colors, const string&, std::size_t)[m[Kâ€™
[4.228s]   873 |   bool [01;36m[KpublishWireframeCuboid[m[K(const Eigen::Isometry3d& pose, const Eigen::Vector3d& min_point,
[4.228s]       |        [01;36m[K^~~~~~~~~~~~~~~~~~~~~~[m[K
[4.228s] [01m[K/opt/ros/humble/include/rviz_visual_tools/rviz_visual_tools.hpp:873:56:[m[K [01;36m[Knote: [m[K  no known conversion for argument 1 from â€˜[01m[KEigen::Vector3d[m[Kâ€™ {aka â€˜[01m[KEigen::Matrix<double, 3, 1>[m[Kâ€™} to â€˜[01m[Kconst Isometry3d&[m[Kâ€™ {aka â€˜[01m[Kconst Eigen::Transform<double, 3, 1>&[m[Kâ€™}
[4.229s]   873 |   bool publishWireframeCuboid([01;36m[Kconst Eigen::Isometry3d& pose[m[K, const Eigen::Vector3d& min_point,
[4.229s]       |                               [01;36m[K~~~~~~~~~~~~~~~~~~~~~~~~~^~~~[m[K
[4.237s] [01m[K/home/ariel/ur5e_ws/src/moveit_control_pkg/src/cartesian_control.cpp:142:7:[m[K [01;31m[Kerror: [m[Kâ€˜[01m[Ktext_pose[m[Kâ€™ was not declared in this scope; did you mean â€˜[01m[Kbox_pose[m[Kâ€™?
[4.237s]   142 |       [01;31m[Ktext_pose[m[K.translation() = Eigen::Vector3d(center.x(), center.y(), box_point_2.z() + 0.1);
[4.237s]       |       [01;31m[K^~~~~~~~~[m[K
[4.237s]       |       [32m[Kbox_pose[m[K
[4.242s] [01m[K/home/ariel/ur5e_ws/src/moveit_control_pkg/src/cartesian_control.cpp:142:49:[m[K [01;31m[Kerror: [m[Kâ€˜[01m[Kcenter[m[Kâ€™ was not declared in this scope
[4.242s]   142 |       text_pose.translation() = Eigen::Vector3d([01;31m[Kcenter[m[K.x(), center.y(), box_point_2.z() + 0.1);
[4.242s]       |                                                 [01;31m[K^~~~~~[m[K
[5.811s] gmake[2]: *** [CMakeFiles/cartesian_control.dir/build.make:76: CMakeFiles/cartesian_control.dir/src/cartesian_control.cpp.o] Error 1
[5.812s] gmake[1]: *** [CMakeFiles/Makefile2:165: CMakeFiles/cartesian_control.dir/all] Error 2
[5.812s] gmake: *** [Makefile:146: all] Error 2
[5.814s] Invoked command in '/home/ariel/ur5e_ws/build/moveit_control_pkg' returned '2': CMAKE_PREFIX_PATH=${CMAKE_PREFIX_PATH}:/home/ariel/ws_moveit2/install/moveit_configs_utils:/home/ariel/ws_moveit2/install/launch_param_builder:/home/ariel/ur5e_ws/install/controller_pkg_demo:/opt/ros/humble /usr/bin/cmake --build /home/ariel/ur5e_ws/build/moveit_control_pkg -- -j22 -l22
