[35m[1mConsolidate compiler generated dependencies of target cartesian_control[0m
[ 50%] Built target moveit_cpp_ur_node
[ 75%] [32mBuilding CXX object CMakeFiles/cartesian_control.dir/src/cartesian_control.cpp.o[0m
[01m[K/home/ariel/ur5e_ws/src/moveit_control_pkg/src/cartesian_control.cpp:[m[K In function â€˜[01m[Kint main(int, char**)[m[Kâ€™:
[01m[K/home/ariel/ur5e_ws/src/moveit_control_pkg/src/cartesian_control.cpp:94:35:[m[K [01;31m[Kerror: [m[Kredeclaration of â€˜[01m[Kshape_msgs::msg::SolidPrimitive primitive3[m[Kâ€™
   94 |   shape_msgs::msg::SolidPrimitive [01;31m[Kprimitive3[m[K;
      |                                   [01;31m[K^~~~~~~~~~[m[K
[01m[K/home/ariel/ur5e_ws/src/moveit_control_pkg/src/cartesian_control.cpp:74:35:[m[K [01;36m[Knote: [m[Kâ€˜[01m[Kshape_msgs::msg::SolidPrimitive primitive3[m[Kâ€™ previously declared here
   74 |   shape_msgs::msg::SolidPrimitive [01;36m[Kprimitive3[m[K;
      |                                   [01;36m[K^~~~~~~~~~[m[K
[01m[K/home/ariel/ur5e_ws/src/moveit_control_pkg/src/cartesian_control.cpp:95:3:[m[K [01;31m[Kerror: [m[Kâ€˜[01m[Kprimitive4[m[Kâ€™ was not declared in this scope; did you mean â€˜[01m[Kprimitive3[m[Kâ€™?
   95 |   [01;31m[Kprimitive4[m[K.type = primitive4.BOX;
      |   [01;31m[K^~~~~~~~~~[m[K
      |   [32m[Kprimitive3[m[K
gmake[2]: *** [CMakeFiles/cartesian_control.dir/build.make:76: CMakeFiles/cartesian_control.dir/src/cartesian_control.cpp.o] Error 1
gmake[1]: *** [CMakeFiles/Makefile2:165: CMakeFiles/cartesian_control.dir/all] Error 2
gmake: *** [Makefile:146: all] Error 2
