[0.026s] Invoking command in '/home/ariel/ur5e_ws/build/moveit_control_pkg': CMAKE_PREFIX_PATH=${CMAKE_PREFIX_PATH}:/home/ariel/ws_moveit2/install/moveit_configs_utils:/home/ariel/ws_moveit2/install/launch_param_builder:/home/ariel/ur5e_ws/install/controller_pkg_demo:/opt/ros/humble /usr/bin/cmake --build /home/ariel/ur5e_ws/build/moveit_control_pkg -- -j22 -l22
[0.084s] [35m[1mConsolidate compiler generated dependencies of target cartesian_control[0m
[0.093s] [ 50%] Built target moveit_cpp_ur_node
[0.096s] [ 75%] [32mBuilding CXX object CMakeFiles/cartesian_control.dir/src/cartesian_control.cpp.o[0m
[2.657s] [01m[K/home/ariel/ur5e_ws/src/moveit_control_pkg/src/cartesian_control.cpp:[m[K In function â€˜[01m[Kint main(int, char**)[m[Kâ€™:
[2.657s] [01m[K/home/ariel/ur5e_ws/src/moveit_control_pkg/src/cartesian_control.cpp:94:35:[m[K [01;31m[Kerror: [m[Kredeclaration of â€˜[01m[Kshape_msgs::msg::SolidPrimitive primitive3[m[Kâ€™
[2.657s]    94 |   shape_msgs::msg::SolidPrimitive [01;31m[Kprimitive3[m[K;
[2.657s]       |                                   [01;31m[K^~~~~~~~~~[m[K
[2.657s] [01m[K/home/ariel/ur5e_ws/src/moveit_control_pkg/src/cartesian_control.cpp:74:35:[m[K [01;36m[Knote: [m[Kâ€˜[01m[Kshape_msgs::msg::SolidPrimitive primitive3[m[Kâ€™ previously declared here
[2.657s]    74 |   shape_msgs::msg::SolidPrimitive [01;36m[Kprimitive3[m[K;
[2.657s]       |                                   [01;36m[K^~~~~~~~~~[m[K
[2.660s] [01m[K/home/ariel/ur5e_ws/src/moveit_control_pkg/src/cartesian_control.cpp:95:3:[m[K [01;31m[Kerror: [m[Kâ€˜[01m[Kprimitive4[m[Kâ€™ was not declared in this scope; did you mean â€˜[01m[Kprimitive3[m[Kâ€™?
[2.660s]    95 |   [01;31m[Kprimitive4[m[K.type = primitive4.BOX;
[2.660s]       |   [01;31m[K^~~~~~~~~~[m[K
[2.660s]       |   [32m[Kprimitive3[m[K
[4.160s] gmake[2]: *** [CMakeFiles/cartesian_control.dir/build.make:76: CMakeFiles/cartesian_control.dir/src/cartesian_control.cpp.o] Error 1
[4.161s] gmake[1]: *** [CMakeFiles/Makefile2:165: CMakeFiles/cartesian_control.dir/all] Error 2
[4.161s] gmake: *** [Makefile:146: all] Error 2
[4.163s] Invoked command in '/home/ariel/ur5e_ws/build/moveit_control_pkg' returned '2': CMAKE_PREFIX_PATH=${CMAKE_PREFIX_PATH}:/home/ariel/ws_moveit2/install/moveit_configs_utils:/home/ariel/ws_moveit2/install/launch_param_builder:/home/ariel/ur5e_ws/install/controller_pkg_demo:/opt/ros/humble /usr/bin/cmake --build /home/ariel/ur5e_ws/build/moveit_control_pkg -- -j22 -l22
