[35m[1mConsolidate compiler generated dependencies of target cartesian_control[0m
[ 50%] Built target moveit_cpp_ur_node
[ 75%] [32mBuilding CXX object CMakeFiles/cartesian_control.dir/src/cartesian_control.cpp.o[0m
[01m[K/home/ariel/ur5e_ws/src/moveit_control_pkg/src/cartesian_control.cpp:[m[K In function â€˜[01m[Kint main(int, char**)[m[Kâ€™:
[01m[K/home/ariel/ur5e_ws/src/moveit_control_pkg/src/cartesian_control.cpp:127:124:[m[K [01;31m[Kerror: [m[Kâ€˜[01m[KTRANSLUCENT_BLUE[m[Kâ€™ is not a member of â€˜[01m[Krvt[m[Kâ€™; did you mean â€˜[01m[KTRANSLUCENT_DARK[m[Kâ€™?
  127 |   moveit_visual_tools.publishWireframeCuboid(box_pose_eigen, box.dimensions[0], box.dimensions[1], box.dimensions[2], rvt::[01;31m[KTRANSLUCENT_BLUE[m[K);
      |                                                                                                                            [01;31m[K^~~~~~~~~~~~~~~~[m[K
      |                                                                                                                            [32m[KTRANSLUCENT_DARK[m[K
gmake[2]: *** [CMakeFiles/cartesian_control.dir/build.make:76: CMakeFiles/cartesian_control.dir/src/cartesian_control.cpp.o] Error 1
gmake[1]: *** [CMakeFiles/Makefile2:165: CMakeFiles/cartesian_control.dir/all] Error 2
gmake: *** [Makefile:146: all] Error 2
