[0.021s] Invoking command in '/home/ariel/ur5e_ws/build/moveit_control_pkg': CMAKE_PREFIX_PATH=${CMAKE_PREFIX_PATH}:/home/ariel/ws_moveit2/install/moveit_configs_utils:/home/ariel/ws_moveit2/install/launch_param_builder:/home/ariel/ur5e_ws/install/controller_pkg_demo:/opt/ros/humble /usr/bin/cmake --build /home/ariel/ur5e_ws/build/moveit_control_pkg -- -j22 -l22
[0.066s] [35m[1mConsolidate compiler generated dependencies of target cartesian_control[0m
[0.092s] [ 50%] Built target moveit_cpp_ur_node
[0.093s] [ 75%] [32mBuilding CXX object CMakeFiles/cartesian_control.dir/src/cartesian_control.cpp.o[0m
[4.361s] [01m[K/home/ariel/ur5e_ws/src/moveit_control_pkg/src/cartesian_control.cpp:[m[K In function â€˜[01m[Kint main(int, char**)[m[Kâ€™:
[4.361s] [01m[K/home/ariel/ur5e_ws/src/moveit_control_pkg/src/cartesian_control.cpp:122:46:[m[K [01;31m[Kerror: [m[Kâ€˜[01m[Kbox_min[m[Kâ€™ was not declared in this scope
[4.362s]   122 |   moveit_visual_tools.publishWireframeCuboid([01;31m[Kbox_min[m[K, box_max, rviz_visual_tools::LIME_GREEN);
[4.362s]       |                                              [01;31m[K^~~~~~~[m[K
[4.365s] [01m[K/home/ariel/ur5e_ws/src/moveit_control_pkg/src/cartesian_control.cpp:122:55:[m[K [01;31m[Kerror: [m[Kâ€˜[01m[Kbox_max[m[Kâ€™ was not declared in this scope
[4.366s]   122 |   moveit_visual_tools.publishWireframeCuboid(box_min, [01;31m[Kbox_max[m[K, rviz_visual_tools::LIME_GREEN);
[4.366s]       |                                                       [01;31m[K^~~~~~~[m[K
[6.067s] gmake[2]: *** [CMakeFiles/cartesian_control.dir/build.make:76: CMakeFiles/cartesian_control.dir/src/cartesian_control.cpp.o] Error 1
[6.067s] gmake[1]: *** [CMakeFiles/Makefile2:165: CMakeFiles/cartesian_control.dir/all] Error 2
[6.067s] gmake: *** [Makefile:146: all] Error 2
[6.069s] Invoked command in '/home/ariel/ur5e_ws/build/moveit_control_pkg' returned '2': CMAKE_PREFIX_PATH=${CMAKE_PREFIX_PATH}:/home/ariel/ws_moveit2/install/moveit_configs_utils:/home/ariel/ws_moveit2/install/launch_param_builder:/home/ariel/ur5e_ws/install/controller_pkg_demo:/opt/ros/humble /usr/bin/cmake --build /home/ariel/ur5e_ws/build/moveit_control_pkg -- -j22 -l22
