[0.012s] Invoking command in '/home/ariel/ur5e_ws/build/moveit_control_pkg': CMAKE_PREFIX_PATH=${CMAKE_PREFIX_PATH}:/home/ariel/ws_moveit2/install/moveit_configs_utils:/home/ariel/ws_moveit2/install/launch_param_builder:/home/ariel/ur5e_ws/install/controller_pkg_demo:/opt/ros/humble /usr/bin/cmake --build /home/ariel/ur5e_ws/build/moveit_control_pkg -- -j22 -l22
[0.067s] [35m[1mConsolidate compiler generated dependencies of target moveit_cpp_ur5e_node[0m
[0.089s] [ 50%] [32mBuilding CXX object CMakeFiles/moveit_cpp_ur5e_node.dir/src/moveit_cpp_ur5e_node.cpp.o[0m
[4.032s] [01m[K/home/ariel/ur5e_ws/src/moveit_control_pkg/src/moveit_cpp_ur5e_node.cpp:[m[K In function â€˜[01m[Kint main(int, char**)[m[Kâ€™:
[4.032s] [01m[K/home/ariel/ur5e_ws/src/moveit_control_pkg/src/moveit_cpp_ur5e_node.cpp:68:10:[m[K [01;31m[Kerror: [m[Kexpected â€˜[01m[K;[m[Kâ€™ before numeric constant
[4.033s]    68 |    -0.000[01;31m[K [m[K [32m[K0.000[m[K  1.000  0.415
[4.033s]       |          [01;31m[K^[m[K [32m[K~~~~~[m[K
[4.033s]       |          [32m[K;[m[K
[4.033s] [01m[K/home/ariel/ur5e_ws/src/moveit_control_pkg/src/moveit_cpp_ur5e_node.cpp:68:4:[m[K [01;35m[Kwarning: [m[Kstatement has no effect [[01;35m[K]8;;https://gcc.gnu.org/onlinedocs/gcc/Warning-Options.html#index-Wunused-value-Wunused-value]8;;[m[K]
[4.033s]    68 |    [01;35m[K-0.000[m[K  0.000  1.000  0.415
[4.033s]       |    [01;35m[K^~~~~~[m[K
[5.557s] gmake[2]: *** [CMakeFiles/moveit_cpp_ur5e_node.dir/build.make:76: CMakeFiles/moveit_cpp_ur5e_node.dir/src/moveit_cpp_ur5e_node.cpp.o] Error 1
[5.557s] gmake[1]: *** [CMakeFiles/Makefile2:137: CMakeFiles/moveit_cpp_ur5e_node.dir/all] Error 2
[5.558s] gmake: *** [Makefile:146: all] Error 2
[5.560s] Invoked command in '/home/ariel/ur5e_ws/build/moveit_control_pkg' returned '2': CMAKE_PREFIX_PATH=${CMAKE_PREFIX_PATH}:/home/ariel/ws_moveit2/install/moveit_configs_utils:/home/ariel/ws_moveit2/install/launch_param_builder:/home/ariel/ur5e_ws/install/controller_pkg_demo:/opt/ros/humble /usr/bin/cmake --build /home/ariel/ur5e_ws/build/moveit_control_pkg -- -j22 -l22
