[0.024s] Invoking command in '/home/ariel/ur5e_ws/build/moveit_control_pkg': CMAKE_PREFIX_PATH=${CMAKE_PREFIX_PATH}:/home/ariel/ws_moveit2/install/moveit_configs_utils:/home/ariel/ws_moveit2/install/launch_param_builder:/home/ariel/ur5e_ws/install/controller_pkg_demo:/opt/ros/humble /usr/bin/cmake --build /home/ariel/ur5e_ws/build/moveit_control_pkg -- -j22 -l22
[0.042s] -- Found ament_cmake: 1.3.11 (/opt/ros/humble/share/ament_cmake/cmake)
[0.157s] -- Override CMake install command with custom implementation using symlinks instead of copying resources
[0.160s] -- Found rclcpp: 16.0.12 (/opt/ros/humble/share/rclcpp/cmake)
[0.189s] -- Found rosidl_generator_c: 3.1.6 (/opt/ros/humble/share/rosidl_generator_c/cmake)
[0.191s] -- Found rosidl_adapter: 3.1.6 (/opt/ros/humble/share/rosidl_adapter/cmake)
[0.195s] -- Found rosidl_generator_cpp: 3.1.6 (/opt/ros/humble/share/rosidl_generator_cpp/cmake)
[0.204s] -- Using all available rosidl_typesupport_c: rosidl_typesupport_fastrtps_c;rosidl_typesupport_introspection_c
[0.215s] -- Using all available rosidl_typesupport_cpp: rosidl_typesupport_fastrtps_cpp;rosidl_typesupport_introspection_cpp
[0.241s] -- Found rmw_implementation_cmake: 6.1.2 (/opt/ros/humble/share/rmw_implementation_cmake/cmake)
[0.244s] -- Found rmw_cyclonedds_cpp: 1.3.4 (/opt/ros/humble/share/rmw_cyclonedds_cpp/cmake)
[0.260s] -- Using RMW implementation 'rmw_cyclonedds_cpp' as default
[0.294s] -- Found moveit_ros_planning_interface: 2.5.9 (/opt/ros/humble/share/moveit_ros_planning_interface/cmake)
[0.304s] -- Found Boost: /usr/lib/x86_64-linux-gnu/cmake/Boost-1.74.0/BoostConfig.cmake (found version "1.74.0") found components: date_time filesystem program_options system thread 
[0.419s] -- Found Boost: /usr/lib/x86_64-linux-gnu/cmake/Boost-1.74.0/BoostConfig.cmake (found version "1.74.0") found components: chrono date_time filesystem iostreams program_options regex serialization system thread 
[0.442s] -- Found parameter_traits: 0.5.0 (/opt/ros/humble/share/parameter_traits/cmake)
[0.447s] -- Found rclcpp_lifecycle: 16.0.12 (/opt/ros/humble/share/rclcpp_lifecycle/cmake)
[0.464s] -- Found Boost: /usr/lib/x86_64-linux-gnu/cmake/Boost-1.74.0/BoostConfig.cmake (found version "1.74.0") found components: filesystem 
[0.496s] -- library: /usr/lib/x86_64-linux-gnu/libcurl.so
[0.512s] -- Ensuring Eigen3 include directory is part of orocos-kdl CMake target
[0.598s] -- Found Boost: /usr/lib/x86_64-linux-gnu/cmake/Boost-1.74.0/BoostConfig.cmake (found version "1.74.0") found components: system filesystem date_time program_options thread chrono 
[0.620s] -- Found Boost: /usr/lib/x86_64-linux-gnu/cmake/Boost-1.74.0/BoostConfig.cmake (found version "1.74.0") found components: thread system filesystem regex date_time program_options 
[0.640s] -- Found Boost: /usr/lib/x86_64-linux-gnu/cmake/Boost-1.74.0/BoostConfig.cmake (found version "1.74.0") found components: system filesystem date_time program_options thread 
[0.658s] -- Found moveit_visual_tools: 4.1.2 (/home/ariel/ws_moveit2/install/moveit_visual_tools/share/moveit_visual_tools/cmake)
[0.690s] -- Setting assimp_DIR to: '/opt/ros/humble/share/rviz_assimp_vendor/cmake/../../../opt/rviz_assimp_vendor/lib/cmake/assimp-4.1'
[0.695s] -- Setting OGRE_DIR to: '/opt/ros/humble/share/rviz_ogre_vendor/cmake/../../../opt/rviz_ogre_vendor/lib/OGRE/cmake'
[0.696s] -- Found OGRE
[0.696s] --   static     : OFF
[0.696s] --   components : HLMS;MeshLodGenerator;Overlay;Paging;Property;RTShaderSystem;Terrain;Volume
[0.696s] --   plugins    : Plugin_BSPSceneManager;Plugin_OctreeSceneManager;Plugin_PCZSceneManager;Plugin_ParticleFX;RenderSystem_GL;RenderSystem_GL3Plus;Codec_STBI
[0.696s] --   media      : /opt/ros/humble/opt/rviz_ogre_vendor/share/OGRE/Media
[0.696s] -- OGRE_LIBRARIES: OgreHLMS;OgreMeshLodGenerator;OgreOverlay;OgrePaging;OgreProperty;OgreRTShaderSystem;OgreTerrain;OgreVolume;OgreMain
[0.697s] -- OGRE_LIBRARY_DIRS: /opt/ros/humble/opt/rviz_ogre_vendor/lib
[0.697s] -- OGRE_PLUGINS: Plugin_BSPSceneManager;Plugin_OctreeSceneManager;Plugin_PCZSceneManager;Plugin_ParticleFX;RenderSystem_GL;RenderSystem_GL3Plus;Codec_STBI
[0.697s] -- OGRE_PLUGIN_DIR: /opt/ros/humble/opt/rviz_ogre_vendor/lib/OGRE
[0.697s] -- rviz_ogre_vendor::OgreOverlay for IMPORTED_LOCATION_RELEASE: /opt/ros/humble/opt/rviz_ogre_vendor/lib/libOgreOverlay.so
[0.697s] -- rviz_ogre_vendor::OgreOverlay for IMPORTED_LOCATION_DEBUG: /opt/ros/humble/opt/rviz_ogre_vendor/lib/libOgreOverlay.so
[0.697s] -- rviz_ogre_vendor::OgreMain for IMPORTED_LOCATION_RELEASE: /opt/ros/humble/opt/rviz_ogre_vendor/lib/libOgreMain.so
[0.697s] -- rviz_ogre_vendor::OgreMain for IMPORTED_LOCATION_DEBUG: /opt/ros/humble/opt/rviz_ogre_vendor/lib/libOgreMain.so
[0.790s] -- Found ament_lint_auto: 0.12.12 (/opt/ros/humble/share/ament_lint_auto/cmake)
[0.868s] -- Added test 'cppcheck' to perform static code analysis on C / C++ code
[0.868s] -- Configured cppcheck include dirs: $<BUILD_INTERFACE:/home/ariel/ur5e_ws/src/moveit_control_pkg/include>
[0.868s] -- Configured cppcheck exclude dirs and/or files: 
[0.868s] -- Added test 'lint_cmake' to check CMake code style
[0.868s] -- Added test 'uncrustify' to check C / C++ code style
[0.869s] -- Configured uncrustify additional arguments: 
[0.869s] -- Added test 'xmllint' to check XML markup files
[0.878s] -- Configuring done
[0.918s] -- Generating done
[0.926s] -- Build files have been written to: /home/ariel/ur5e_ws/build/moveit_control_pkg
[0.956s] [35m[1mConsolidate compiler generated dependencies of target moveit_cpp_ur_node[0m
[0.966s] [ 25%] [32mBuilding CXX object CMakeFiles/cartesian_control.dir/src/cartesian_control.cpp.o[0m
[0.975s] [ 75%] Built target moveit_cpp_ur_node
[1.378s] [01m[K/home/ariel/ur5e_ws/src/moveit_control_pkg/src/cartesian_control.cpp:3:10:[m[K [01;31m[Kfatal error: [m[Kmoveit_msgs.msg/display_robot_state.hpp: No such file or directory
[1.378s]     3 | #include [01;31m[K<moveit_msgs.msg/display_robot_state.hpp>[m[K
[1.378s]       |          [01;31m[K^~~~~~~~~~~~~~~~~~~~~~~~~~~~~~~~~~~~~~~~~[m[K
[1.378s] compilation terminated.
[1.381s] gmake[2]: *** [CMakeFiles/cartesian_control.dir/build.make:76: CMakeFiles/cartesian_control.dir/src/cartesian_control.cpp.o] Error 1
[1.381s] gmake[1]: *** [CMakeFiles/Makefile2:165: CMakeFiles/cartesian_control.dir/all] Error 2
[1.381s] gmake: *** [Makefile:146: all] Error 2
[1.384s] Invoked command in '/home/ariel/ur5e_ws/build/moveit_control_pkg' returned '2': CMAKE_PREFIX_PATH=${CMAKE_PREFIX_PATH}:/home/ariel/ws_moveit2/install/moveit_configs_utils:/home/ariel/ws_moveit2/install/launch_param_builder:/home/ariel/ur5e_ws/install/controller_pkg_demo:/opt/ros/humble /usr/bin/cmake --build /home/ariel/ur5e_ws/build/moveit_control_pkg -- -j22 -l22
