[0.040s] Invoking command in '/home/ariel/ur5e_ws/src/build/ur_dashboard_msgs': CMAKE_PREFIX_PATH=${CMAKE_PREFIX_PATH}:/home/ariel/ws_moveit2/install/launch_param_builder:/home/ariel/ur5e_ws/install/controller_pkg_demo:/opt/ros/humble /usr/bin/cmake --build /home/ariel/ur5e_ws/src/build/ur_dashboard_msgs -- -j22 -l22
[0.319s] [ 12%] Built target ur_dashboard_msgs__rosidl_generator_c
[0.319s] [ 12%] Built target ur_dashboard_msgs__cpp
[0.319s] [35m[1mConsolidate compiler generated dependencies of target ur_dashboard_msgs__rosidl_typesupport_fastrtps_c[0m
[0.319s] [35m[1mConsolidate compiler generated dependencies of target ur_dashboard_msgs__rosidl_typesupport_c[0m
[0.319s] [35m[1mConsolidate compiler generated dependencies of target ur_dashboard_msgs__rosidl_typesupport_introspection_c[0m
[0.319s] [ 24%] Built target ur_dashboard_msgs__rosidl_typesupport_c
[0.319s] [ 36%] Built target ur_dashboard_msgs__rosidl_typesupport_fastrtps_c
[0.319s] [ 48%] Built target ur_dashboard_msgs__rosidl_typesupport_introspection_c
[0.319s] failed to create symbolic link '/home/ariel/ur5e_ws/src/build/ur_dashboard_msgs/ament_cmake_python/ur_dashboard_msgs/ur_dashboard_msgs' because existing path cannot be removed: Is a directory
[0.319s] gmake[2]: *** [CMakeFiles/ament_cmake_python_symlink_ur_dashboard_msgs.dir/build.make:70: CMakeFiles/ament_cmake_python_symlink_ur_dashboard_msgs] Error 1
[0.319s] gmake[1]: *** [CMakeFiles/Makefile2:421: CMakeFiles/ament_cmake_python_symlink_ur_dashboard_msgs.dir/all] Error 2
[0.319s] gmake[1]: *** Waiting for unfinished jobs....
[0.320s] gmake: *** [Makefile:146: all] Error 2
[0.342s] Invoked command in '/home/ariel/ur5e_ws/src/build/ur_dashboard_msgs' returned '2': CMAKE_PREFIX_PATH=${CMAKE_PREFIX_PATH}:/home/ariel/ws_moveit2/install/launch_param_builder:/home/ariel/ur5e_ws/install/controller_pkg_demo:/opt/ros/humble /usr/bin/cmake --build /home/ariel/ur5e_ws/src/build/ur_dashboard_msgs -- -j22 -l22
