[0.012s] Invoking command in '/home/ariel/ur5e_ws/build/moveit_control_pkg': CMAKE_PREFIX_PATH=${CMAKE_PREFIX_PATH}:/home/ariel/ws_moveit2/install/moveit_configs_utils:/home/ariel/ws_moveit2/install/launch_param_builder:/home/ariel/ur5e_ws/install/controller_pkg_demo:/opt/ros/humble /usr/bin/cmake --build /home/ariel/ur5e_ws/build/moveit_control_pkg -- -j22 -l22
[0.072s] [ 50%] [32mBuilding CXX object CMakeFiles/cartesian_control.dir/src/cartesian_control.cpp.o[0m
[2.657s] [01m[K/home/ariel/ur5e_ws/src/moveit_control_pkg/src/cartesian_control.cpp:[m[K In function â€˜[01m[Kint main(int, char**)[m[Kâ€™:
[2.657s] [01m[K/home/ariel/ur5e_ws/src/moveit_control_pkg/src/cartesian_control.cpp:170:3:[m[K [01;31m[Kerror: [m[Kâ€˜[01m[Krobot_trajectory[m[Kâ€™ has not been declared
[2.657s]   170 |   [01;31m[Krobot_trajectory[m[K::RobotTrajectory rt(move_group.getCurrentState()->getRobotModel(), PLANNING_GROUP_ARM);
[2.657s]       |   [01;31m[K^~~~~~~~~~~~~~~~[m[K
[2.660s] [01m[K/home/ariel/ur5e_ws/src/moveit_control_pkg/src/cartesian_control.cpp:171:3:[m[K [01;31m[Kerror: [m[Kâ€˜[01m[Krt[m[Kâ€™ was not declared in this scope
[2.660s]   171 |   [01;31m[Krt[m[K.setRobotTrajectoryMsg(*move_group.getCurrentState(), trajectory);
[2.660s]       |   [01;31m[K^~[m[K
[2.662s] [01m[K/home/ariel/ur5e_ws/src/moveit_control_pkg/src/cartesian_control.cpp:172:3:[m[K [01;31m[Kerror: [m[Kâ€˜[01m[Ktrajectory_processing[m[Kâ€™ has not been declared
[2.662s]   172 |   [01;31m[Ktrajectory_processing[m[K::IterativeParabolicTimeParameterization iptp;
[2.662s]       |   [01;31m[K^~~~~~~~~~~~~~~~~~~~~[m[K
[2.665s] [01m[K/home/ariel/ur5e_ws/src/moveit_control_pkg/src/cartesian_control.cpp:173:3:[m[K [01;31m[Kerror: [m[Kâ€˜[01m[Kiptp[m[Kâ€™ was not declared in this scope
[2.665s]   173 |   [01;31m[Kiptp[m[K.computeTimeStamps(rt);
[2.665s]       |   [01;31m[K^~~~[m[K
[4.177s] gmake[2]: *** [CMakeFiles/cartesian_control.dir/build.make:76: CMakeFiles/cartesian_control.dir/src/cartesian_control.cpp.o] Error 1
[4.177s] gmake[1]: *** [CMakeFiles/Makefile2:137: CMakeFiles/cartesian_control.dir/all] Error 2
[4.177s] gmake: *** [Makefile:146: all] Error 2
[4.180s] Invoked command in '/home/ariel/ur5e_ws/build/moveit_control_pkg' returned '2': CMAKE_PREFIX_PATH=${CMAKE_PREFIX_PATH}:/home/ariel/ws_moveit2/install/moveit_configs_utils:/home/ariel/ws_moveit2/install/launch_param_builder:/home/ariel/ur5e_ws/install/controller_pkg_demo:/opt/ros/humble /usr/bin/cmake --build /home/ariel/ur5e_ws/build/moveit_control_pkg -- -j22 -l22
